<?xml version="1.0" encoding="UTF-8"?>
<testsuite name="bookstoread.BookShelfSpec" tests="1" skipped="0" failures="0" errors="0" timestamp="2021-04-03T22:40:04" hostname="AROUSSI.local" time="0.013">
  <properties/>
  <testcase name="shelfEmptyWhenNoBookAdded(TestInfo)" classname="bookstoread.BookShelfSpec" time="0.013"/>
  <system-out><![CDATA[before all
Display nameA book shelf
before each
Display name : is empty when no book added
After each
]]></system-out>
  <system-err><![CDATA[]]></system-err>
</testsuite>
